[www.estudio56puntacana.com/index.html]
[www.estudio56puntacana.com/c.1.delayed]
[www.estudio56puntacana.com/t.2.delayed]
[backblue.gif]
[fade.gif]
[index.html]
[www.estudio56puntacana.com/catalogo.html]
[www.estudio56puntacana.com/blank.html]
[www.estudio56puntacana.com/contactanos.html]
[www.estudio56puntacana.com/sitemap.xml]
[www.estudio56puntacana.com/feed.7.delayed]
[www.estudio56puntacana.com/decodeURIComponent(e.8.delayed]
[www.estudio56puntacana.com/index.html]
[www.estudio56puntacana.com/c.html]
[www.estudio56puntacana.com/t.html]
[www.estudio56puntacana.com/catalogo.html]
[www.estudio56puntacana.com/blank.html]
[www.estudio56puntacana.com/contactanos.html]
[www.estudio56puntacana.com/feed.html]
[www.estudio56puntacana.com/decodeURIComponent(e.html]
